<?xml version="1.0" encoding="UTF-8"?>
<!-- Generated by org.testng.reporters.JUnitXMLReporter -->
<testsuite hostname="CTLINDT-0950" ignored="1" name="Test-Chrome-Web" tests="1" failures="1" timestamp="12 Sep 2017 12:41:14 GMT" time="130.942" errors="0">
  <testcase name="Dashboard" time="0.627" classname="com.princessCruise.web.automation.stepDefinition.polarVision.DashboardStep">
    <failure type="cucumber.runtime.CucumberException" message="java.lang.NullPointerException">
      <![CDATA[cucumber.runtime.CucumberException: java.lang.NullPointerException
	at cucumber.api.testng.TestNGCucumberRunner.runCukes(TestNGCucumberRunner.java:57)
	at com.princessCruise.web.automation.stepDefinition.polarVision.DashboardStep.Dashboard(DashboardStep.java:72)
	at java.util.concurrent.FutureTask.run(Unknown Source)
	at java.util.concurrent.ThreadPoolExecutor.runWorker(Unknown Source)
	at java.util.concurrent.ThreadPoolExecutor$Worker.run(Unknown Source)
	at java.lang.Thread.run(Unknown Source)
Caused by: java.lang.NullPointerException
	at com.princessCruise.web.automation.stepDefinition.polarVision.DashboardStep.enter_Username_and_Password(DashboardStep.java:122)
	at âœ½.Given Enter Username and Password(C:/Users/E003919/Desktop/Pavan/Pavan/21082017/princessCruise/src/test/resources/testFeature/polarVision/Dashboard.feature:25)
... Removed 16 stack frames]]>
    </failure>
  </testcase> <!-- Dashboard -->
  <testcase name="feature" time="0.0" classname="cucumber.api.testng.AbstractTestNGCucumberTests">
    <ignored/>
  </testcase> <!-- feature -->
</testsuite> <!-- Test-Chrome-Web -->
