<?xml version="1.0" encoding="UTF-8"?>
<testng-results skipped="0" failed="1" ignored="1" total="2" passed="0">
  <reporter-output>
    <line>
      <![CDATA[About to begin executing Suite :- Princess-Automation]]>
    </line>
    <line>
      <![CDATA[About to begin executing method :- TestEngineWeb.beforeSuite]]>
    </line>
    <line>
      <![CDATA[Completed executing method  :- TestEngineWeb.beforeSuite]]>
    </line>
    <line>
      <![CDATA[About to begin executing Test :- Test-Firefox-Web]]>
    </line>
    <line>
      <![CDATA[About to begin executing method :- TestEngineWeb.beforeTest]]>
    </line>
    <line>
      <![CDATA[Completed executing method  :- TestEngineWeb.beforeTest]]>
    </line>
    <line>
      <![CDATA[About to begin executing method :- AbstractTestNGCucumberTests.setUpClass]]>
    </line>
    <line>
      <![CDATA[Completed executing method  :- AbstractTestNGCucumberTests.setUpClass]]>
    </line>
    <line>
      <![CDATA[About to begin executing method :- TestEngineWeb.beforeClass]]>
    </line>
    <line>
      <![CDATA[Completed executing method  :- TestEngineWeb.beforeClass]]>
    </line>
    <line>
      <![CDATA[About to begin executing method :- TestEngineWeb.beforeMethod]]>
    </line>
    <line>
      <![CDATA[Completed executing method  :- TestEngineWeb.beforeMethod]]>
    </line>
    <line>
      <![CDATA[About to begin Test :- Dashboard]]>
    </line>
    <line>
      <![CDATA[About to begin executing method :- DashboardStep.Dashboard]]>
    </line>
    <line>
      <![CDATA[Completed executing method  :- DashboardStep.Dashboard]]>
    </line>
    <line>
      <![CDATA[About to begin executing method :- TestEngineWeb.afterMethod]]>
    </line>
    <line>
      <![CDATA[Completed executing method  :- TestEngineWeb.afterMethod]]>
    </line>
    <line>
      <![CDATA[About to begin executing method :- TestEngineWeb.afterClass]]>
    </line>
    <line>
      <![CDATA[Completed executing method  :- TestEngineWeb.afterClass]]>
    </line>
    <line>
      <![CDATA[About to begin executing method :- AbstractTestNGCucumberTests.tearDownClass]]>
    </line>
    <line>
      <![CDATA[Completed executing method  :- AbstractTestNGCucumberTests.tearDownClass]]>
    </line>
    <line>
      <![CDATA[About to begin executing method :- TestEngineWeb.afterTest]]>
    </line>
    <line>
      <![CDATA[Completed executing method  :- TestEngineWeb.afterTest]]>
    </line>
    <line>
      <![CDATA[About to begin executing method :- TestEngineWeb.afterSuite]]>
    </line>
    <line>
      <![CDATA[Completed executing method  :- TestEngineWeb.afterSuite]]>
    </line>
  </reporter-output>
  <suite name="Princess-Automation" duration-ms="35898" started-at="2017-09-12T13:03:46Z" finished-at="2017-09-12T13:04:22Z">
    <groups>
      <group name="smoke">
        <method signature="DashboardStep.Dashboard()[pri:0, instance:com.princessCruise.web.automation.stepDefinition.polarVision.DashboardStep@3c0a50da]" name="Dashboard" class="com.princessCruise.web.automation.stepDefinition.polarVision.DashboardStep"/>
      </group> <!-- smoke -->
    </groups>
    <test name="Test-Firefox-Web" duration-ms="35898" started-at="2017-09-12T13:03:46Z" finished-at="2017-09-12T13:04:22Z">
      <class name="com.princessCruise.web.automation.stepDefinition.polarVision.DashboardStep">
        <test-method status="PASS" signature="beforeSuite(org.testng.ITestContext)[pri:0, instance:com.princessCruise.web.automation.stepDefinition.polarVision.DashboardStep@3c0a50da]" name="beforeSuite" is-config="true" duration-ms="19" started-at="2017-09-12T18:33:46Z" finished-at="2017-09-12T18:33:46Z">
          <params>
            <param index="0">
              <value>
                <![CDATA[org.testng.TestRunner@19d37183]]>
              </value>
            </param>
          </params>
          <reporter-output>
            <line>
              <![CDATA[Completed executing method  :- TestEngineWeb.beforeSuite]]>
            </line>
          </reporter-output>
        </test-method> <!-- beforeSuite -->
        <test-method status="PASS" signature="beforeTest(org.testng.ITestContext)[pri:0, instance:com.princessCruise.web.automation.stepDefinition.polarVision.DashboardStep@3c0a50da]" name="beforeTest" is-config="true" duration-ms="1559" started-at="2017-09-12T18:33:46Z" finished-at="2017-09-12T18:33:48Z">
          <params>
            <param index="0">
              <value>
                <![CDATA[org.testng.TestRunner@19d37183]]>
              </value>
            </param>
          </params>
          <reporter-output>
            <line>
              <![CDATA[Completed executing method  :- TestEngineWeb.beforeTest]]>
            </line>
          </reporter-output>
        </test-method> <!-- beforeTest -->
        <test-method status="PASS" signature="setUpClass()[pri:0, instance:com.princessCruise.web.automation.stepDefinition.polarVision.DashboardStep@3c0a50da]" name="setUpClass" is-config="true" duration-ms="233" started-at="2017-09-12T18:33:48Z" finished-at="2017-09-12T18:33:48Z">
          <reporter-output>
            <line>
              <![CDATA[Completed executing method  :- AbstractTestNGCucumberTests.setUpClass]]>
            </line>
          </reporter-output>
        </test-method> <!-- setUpClass -->
        <test-method status="PASS" signature="beforeClass()[pri:0, instance:com.princessCruise.web.automation.stepDefinition.polarVision.DashboardStep@3c0a50da]" name="beforeClass" is-config="true" duration-ms="10761" started-at="2017-09-12T18:33:48Z" finished-at="2017-09-12T18:33:59Z">
          <reporter-output>
            <line>
              <![CDATA[Completed executing method  :- TestEngineWeb.beforeClass]]>
            </line>
          </reporter-output>
        </test-method> <!-- beforeClass -->
        <test-method status="PASS" signature="beforeMethod(java.lang.reflect.Method)[pri:0, instance:com.princessCruise.web.automation.stepDefinition.polarVision.DashboardStep@3c0a50da]" name="beforeMethod" is-config="true" duration-ms="209" started-at="2017-09-12T18:33:59Z" finished-at="2017-09-12T18:33:59Z">
          <params>
            <param index="0">
              <value>
                <![CDATA[public void com.princessCruise.web.automation.stepDefinition.polarVision.DashboardStep.Dashboard()]]>
              </value>
            </param>
          </params>
          <reporter-output>
            <line>
              <![CDATA[Completed executing method  :- TestEngineWeb.beforeMethod]]>
            </line>
          </reporter-output>
        </test-method> <!-- beforeMethod -->
        <test-method status="FAIL" signature="Dashboard()[pri:0, instance:com.princessCruise.web.automation.stepDefinition.polarVision.DashboardStep@3c0a50da]" name="Dashboard" duration-ms="677" started-at="2017-09-12T18:33:59Z" description="Dashboard" finished-at="2017-09-12T18:34:00Z">
          <exception class="cucumber.runtime.CucumberException">
            <message>
              <![CDATA[java.lang.NullPointerException]]>
            </message>
            <full-stacktrace>
              <![CDATA[cucumber.runtime.CucumberException: java.lang.NullPointerException
	at cucumber.api.testng.TestNGCucumberRunner.runCukes(TestNGCucumberRunner.java:57)
	at com.princessCruise.web.automation.stepDefinition.polarVision.DashboardStep.Dashboard(DashboardStep.java:72)
	at sun.reflect.NativeMethodAccessorImpl.invoke0(Native Method)
	at sun.reflect.NativeMethodAccessorImpl.invoke(Unknown Source)
	at sun.reflect.DelegatingMethodAccessorImpl.invoke(Unknown Source)
	at java.lang.reflect.Method.invoke(Unknown Source)
	at org.testng.internal.MethodInvocationHelper.invokeMethod(MethodInvocationHelper.java:108)
	at org.testng.internal.Invoker.invokeMethod(Invoker.java:661)
	at org.testng.internal.Invoker.invokeTestMethod(Invoker.java:869)
	at org.testng.internal.Invoker.invokeTestMethods(Invoker.java:1193)
	at org.testng.internal.TestMethodWorker.invokeTestMethods(TestMethodWorker.java:126)
	at org.testng.internal.TestMethodWorker.run(TestMethodWorker.java:109)
	at org.testng.TestRunner.privateRun(TestRunner.java:744)
	at org.testng.TestRunner.run(TestRunner.java:602)
	at org.testng.SuiteRunner.runTest(SuiteRunner.java:380)
	at org.testng.SuiteRunner.access$000(SuiteRunner.java:39)
	at org.testng.SuiteRunner$SuiteWorker.run(SuiteRunner.java:414)
	at org.testng.internal.thread.ThreadUtil$1.call(ThreadUtil.java:52)
	at java.util.concurrent.FutureTask.run(Unknown Source)
	at java.util.concurrent.ThreadPoolExecutor.runWorker(Unknown Source)
	at java.util.concurrent.ThreadPoolExecutor$Worker.run(Unknown Source)
	at java.lang.Thread.run(Unknown Source)
Caused by: java.lang.NullPointerException
	at com.princessCruise.web.automation.stepDefinition.polarVision.DashboardStep.enter_Username_and_Password(DashboardStep.java:121)
	at âœ½.Given Enter Username and Password(C:/Users/E003919/Desktop/Pavan/Pavan/21082017/princessCruise/src/test/resources/testFeature/polarVision/Dashboard.feature:25)
]]>
            </full-stacktrace>
          </exception> <!-- cucumber.runtime.CucumberException -->
          <reporter-output>
            <line>
              <![CDATA[About to begin Test :- Dashboard]]>
            </line>
            <line>
              <![CDATA[About to begin executing method :- DashboardStep.Dashboard]]>
            </line>
            <line>
              <![CDATA[Completed executing method  :- DashboardStep.Dashboard]]>
            </line>
            <line>
              <![CDATA[About to begin executing method :- TestEngineWeb.afterMethod]]>
            </line>
          </reporter-output>
        </test-method> <!-- Dashboard -->
        <test-method status="PASS" signature="afterMethod(java.lang.reflect.Method, org.testng.ITestResult)[pri:0, instance:com.princessCruise.web.automation.stepDefinition.polarVision.DashboardStep@3c0a50da]" name="afterMethod" is-config="true" duration-ms="264" started-at="2017-09-12T18:34:00Z" finished-at="2017-09-12T18:34:00Z">
          <params>
            <param index="0">
              <value>
                <![CDATA[public void com.princessCruise.web.automation.stepDefinition.polarVision.DashboardStep.Dashboard()]]>
              </value>
            </param>
            <param index="1">
              <value>
                <![CDATA[[TestResult name=Dashboard status=FAILURE method=DashboardStep.Dashboard()[pri:0, instance:com.princessCruise.web.automation.stepDefinition.polarVision.DashboardStep@3c0a50da] output=About to begin Test :- Dashboard]]]>
              </value>
            </param>
          </params>
          <reporter-output>
            <line>
              <![CDATA[Completed executing method  :- TestEngineWeb.afterMethod]]>
            </line>
          </reporter-output>
        </test-method> <!-- afterMethod -->
        <test-method status="PASS" signature="afterClass()[pri:0, instance:com.princessCruise.web.automation.stepDefinition.polarVision.DashboardStep@3c0a50da]" name="afterClass" is-config="true" duration-ms="22133" started-at="2017-09-12T18:34:00Z" finished-at="2017-09-12T18:34:22Z">
          <reporter-output>
            <line>
              <![CDATA[Completed executing method  :- TestEngineWeb.afterClass]]>
            </line>
          </reporter-output>
        </test-method> <!-- afterClass -->
        <test-method status="PASS" signature="tearDownClass()[pri:0, instance:com.princessCruise.web.automation.stepDefinition.polarVision.DashboardStep@3c0a50da]" name="tearDownClass" is-config="true" duration-ms="4" started-at="2017-09-12T18:34:22Z" finished-at="2017-09-12T18:34:22Z">
          <reporter-output>
            <line>
              <![CDATA[Completed executing method  :- AbstractTestNGCucumberTests.tearDownClass]]>
            </line>
          </reporter-output>
        </test-method> <!-- tearDownClass -->
        <test-method status="PASS" signature="afterTest()[pri:0, instance:com.princessCruise.web.automation.stepDefinition.polarVision.DashboardStep@3c0a50da]" name="afterTest" is-config="true" duration-ms="42" started-at="2017-09-12T18:34:22Z" finished-at="2017-09-12T18:34:22Z">
          <reporter-output>
            <line>
              <![CDATA[Completed executing method  :- TestEngineWeb.afterTest]]>
            </line>
          </reporter-output>
        </test-method> <!-- afterTest -->
        <test-method status="PASS" signature="afterSuite()[pri:0, instance:com.princessCruise.web.automation.stepDefinition.polarVision.DashboardStep@3c0a50da]" name="afterSuite" is-config="true" duration-ms="73" started-at="2017-09-12T18:34:22Z" finished-at="2017-09-12T18:34:22Z">
          <reporter-output>
            <line>
              <![CDATA[Completed executing method  :- TestEngineWeb.afterSuite]]>
            </line>
          </reporter-output>
        </test-method> <!-- afterSuite -->
      </class> <!-- com.princessCruise.web.automation.stepDefinition.polarVision.DashboardStep -->
    </test> <!-- Test-Firefox-Web -->
  </suite> <!-- Princess-Automation -->
</testng-results>
