<?xml version="1.0" encoding="UTF-8"?>
<!-- Generated by org.testng.reporters.JUnitReportReporter -->
<testsuite skipped="0" hostname="CTLINDT-0950" name="com.princessCruise.web.automation.stepDefinition.polarBear.PlanAcruiseStep" tests="1" failures="0" timestamp="31 Aug 2017 05:03:07 GMT" time="110.640" errors="1">
  <testcase name="PlanAcruise" time="110.640" classname="com.princessCruise.web.automation.stepDefinition.polarBear.PlanAcruiseStep">
    <error type="cucumber.runtime.CucumberException" message="org.openqa.selenium.NoSuchElementException: 
For documentation on this error, please visit: http://seleniumhq.org/exceptions/no_such_element.html
Build info: version: &#039;3.4.0&#039;, revision: &#039;unknown&#039;, time: &#039;unknown&#039;
System info: host: &#039;CTLINDT-0950&#039;, ip: &#039;172.29.1.134&#039;, os.name: &#039;Windows 7&#039;, os.arch: &#039;amd64&#039;, os.version: &#039;6.1&#039;, java.version: &#039;1.8.0_144&#039;
Driver info: driver.version: unknown">
      <![CDATA[cucumber.runtime.CucumberException: org.openqa.selenium.NoSuchElementException: 
For documentation on this error, please visit: http://seleniumhq.org/exceptions/no_such_element.html
Build info: version: '3.4.0', revision: 'unknown', time: 'unknown'
System info: host: 'CTLINDT-0950', ip: '172.29.1.134', os.name: 'Windows 7', os.arch: 'amd64', os.version: '6.1', java.version: '1.8.0_144'
Driver info: driver.version: unknown
	at cucumber.api.testng.TestNGCucumberRunner.runCukes(TestNGCucumberRunner.java:57)
	at com.princessCruise.web.automation.stepDefinition.polarBear.PlanAcruiseStep.PlanAcruise(PlanAcruiseStep.java:55)
	at sun.reflect.NativeMethodAccessorImpl.invoke0(Native Method)
	at sun.reflect.NativeMethodAccessorImpl.invoke(Unknown Source)
	at sun.reflect.DelegatingMethodAccessorImpl.invoke(Unknown Source)
	at java.lang.reflect.Method.invoke(Unknown Source)
	at org.testng.internal.MethodInvocationHelper.invokeMethod(MethodInvocationHelper.java:108)
	at org.testng.internal.Invoker.invokeMethod(Invoker.java:661)
	at org.testng.internal.Invoker.invokeTestMethod(Invoker.java:869)
	at org.testng.internal.Invoker.invokeTestMethods(Invoker.java:1193)
	at org.testng.internal.TestMethodWorker.invokeTestMethods(TestMethodWorker.java:126)
	at org.testng.internal.TestMethodWorker.run(TestMethodWorker.java:109)
	at org.testng.TestRunner.privateRun(TestRunner.java:744)
	at org.testng.TestRunner.run(TestRunner.java:602)
	at org.testng.SuiteRunner.runTest(SuiteRunner.java:380)
	at org.testng.SuiteRunner.access$000(SuiteRunner.java:39)
	at org.testng.SuiteRunner$SuiteWorker.run(SuiteRunner.java:414)
	at org.testng.internal.thread.ThreadUtil$1.call(ThreadUtil.java:52)
	at java.util.concurrent.FutureTask.run(Unknown Source)
	at java.util.concurrent.ThreadPoolExecutor.runWorker(Unknown Source)
	at java.util.concurrent.ThreadPoolExecutor$Worker.run(Unknown Source)
	at java.lang.Thread.run(Unknown Source)
Caused by: org.openqa.selenium.NoSuchElementException: 
For documentation on this error, please visit: http://seleniumhq.org/exceptions/no_such_element.html
Build info: version: '3.4.0', revision: 'unknown', time: 'unknown'
System info: host: 'CTLINDT-0950', ip: '172.29.1.134', os.name: 'Windows 7', os.arch: 'amd64', os.version: '6.1', java.version: '1.8.0_144'
Driver info: driver.version: unknown
	at com.princessCruise.web.automation.accelerators.ActionsLibrary.IsElementVisible(ActionsLibrary.java:3455)
	at com.princessCruise.web.automation.pages.polarBear.PlanACruisePage.verifyCruiseDetailspage(PlanACruisePage.java:158)
	at com.princessCruise.web.automation.stepDefinition.polarBear.PlanAcruiseStep.cruise_details_page_should_appear_as_result(PlanAcruiseStep.java:139)
	at âœ½.Then Cruise details page should appear as result(C:/Users/E003919/Desktop/Pavan/Pavan/21082017/princessCruise/src/test/resources/testFeature/polarBear/PlanACruise.feature:12)
]]>
    </error>
  </testcase> <!-- PlanAcruise -->
</testsuite> <!-- com.princessCruise.web.automation.stepDefinition.polarBear.PlanAcruiseStep -->
